C:\USERS\DELL\DOCUMENTS\GITHUB\3DRENDER\RENDER\3DRENDER\3DRENDER\DEBUG\DIRECTXLIB.OBJ
C:\USERS\DELL\DOCUMENTS\GITHUB\3DRENDER\RENDER\3DRENDER\3DRENDER\DEBUG\GAMEMANAGER.OBJ
C:\USERS\DELL\DOCUMENTS\GITHUB\3DRENDER\RENDER\3DRENDER\3DRENDER\DEBUG\MAIN.OBJ
C:\USERS\DELL\DOCUMENTS\GITHUB\3DRENDER\RENDER\3DRENDER\3DRENDER\DEBUG\GAMEWINDOW.OBJ
C:\USERS\DELL\DOCUMENTS\GITHUB\3DRENDER\RENDER\3DRENDER\3DRENDER\DEBUG\MATH.OBJ
C:\USERS\DELL\DOCUMENTS\GITHUB\3DRENDER\RENDER\3DRENDER\3DRENDER\DEBUG\MATRIX.OBJ
C:\USERS\DELL\DOCUMENTS\GITHUB\3DRENDER\RENDER\3DRENDER\3DRENDER\DEBUG\RASTERIZER.OBJ
C:\USERS\DELL\DOCUMENTS\GITHUB\3DRENDER\RENDER\3DRENDER\3DRENDER\DEBUG\TEXTURE.OBJ
C:\USERS\DELL\DOCUMENTS\GITHUB\3DRENDER\RENDER\3DRENDER\3DRENDER\DEBUG\VECTOR3.OBJ
C:\USERS\DELL\DOCUMENTS\GITHUB\3DRENDER\RENDER\3DRENDER\3DRENDER\DEBUG\VERTEX.OBJ
C:\USERS\DELL\DOCUMENTS\GITHUB\3DRENDER\RENDER\3DRENDER\3DRENDER\DEBUG\VC110.PDB
C:\USERS\DELL\DOCUMENTS\GITHUB\3DRENDER\RENDER\3DRENDER\DEBUG\3DRENDER.ILK
C:\USERS\DELL\DOCUMENTS\GITHUB\3DRENDER\RENDER\3DRENDER\DEBUG\3DRENDER.EXE
C:\USERS\DELL\DOCUMENTS\GITHUB\3DRENDER\RENDER\3DRENDER\DEBUG\3DRENDER.PDB
C:\Users\Dell\Documents\GitHub\3DRender\Render\3DRender\3DRender\Debug\DirectXLib.obj
C:\Users\Dell\Documents\GitHub\3DRender\Render\3DRender\3DRender\Debug\GameManager.obj
C:\Users\Dell\Documents\GitHub\3DRender\Render\3DRender\3DRender\Debug\GameWindow.obj
C:\Users\Dell\Documents\GitHub\3DRender\Render\3DRender\3DRender\Debug\Main.obj
C:\Users\Dell\Documents\GitHub\3DRender\Render\3DRender\3DRender\Debug\Math.obj
C:\Users\Dell\Documents\GitHub\3DRender\Render\3DRender\3DRender\Debug\Matrix.obj
C:\Users\Dell\Documents\GitHub\3DRender\Render\3DRender\3DRender\Debug\Rasterizer.obj
C:\Users\Dell\Documents\GitHub\3DRender\Render\3DRender\3DRender\Debug\Texture.obj
C:\Users\Dell\Documents\GitHub\3DRender\Render\3DRender\3DRender\Debug\Vector3.obj
C:\Users\Dell\Documents\GitHub\3DRender\Render\3DRender\3DRender\Debug\Vertex.obj
C:\Users\Dell\Documents\GitHub\3DRender\Render\3DRender\3DRender\Debug\cl.command.1.tlog
C:\Users\Dell\Documents\GitHub\3DRender\Render\3DRender\3DRender\Debug\CL.read.1.tlog
C:\Users\Dell\Documents\GitHub\3DRender\Render\3DRender\3DRender\Debug\CL.write.1.tlog
C:\Users\Dell\Documents\GitHub\3DRender\Render\3DRender\3DRender\Debug\link-cvtres.read.1.tlog
C:\Users\Dell\Documents\GitHub\3DRender\Render\3DRender\3DRender\Debug\link-cvtres.write.1.tlog
C:\Users\Dell\Documents\GitHub\3DRender\Render\3DRender\3DRender\Debug\link-rc.read.1.tlog
C:\Users\Dell\Documents\GitHub\3DRender\Render\3DRender\3DRender\Debug\link-rc.write.1.tlog
C:\Users\Dell\Documents\GitHub\3DRender\Render\3DRender\3DRender\Debug\link.3928-cvtres.read.1.tlog
C:\Users\Dell\Documents\GitHub\3DRender\Render\3DRender\3DRender\Debug\link.3928-cvtres.write.1.tlog
C:\Users\Dell\Documents\GitHub\3DRender\Render\3DRender\3DRender\Debug\link.3928-rc.read.1.tlog
C:\Users\Dell\Documents\GitHub\3DRender\Render\3DRender\3DRender\Debug\link.3928-rc.write.1.tlog
C:\Users\Dell\Documents\GitHub\3DRender\Render\3DRender\3DRender\Debug\link.3928.read.1.tlog
C:\Users\Dell\Documents\GitHub\3DRender\Render\3DRender\3DRender\Debug\link.3928.write.1.tlog
C:\Users\Dell\Documents\GitHub\3DRender\Render\3DRender\3DRender\Debug\link.5020-cvtres.read.1.tlog
C:\Users\Dell\Documents\GitHub\3DRender\Render\3DRender\3DRender\Debug\link.5020-cvtres.write.1.tlog
C:\Users\Dell\Documents\GitHub\3DRender\Render\3DRender\3DRender\Debug\link.5020-rc.read.1.tlog
C:\Users\Dell\Documents\GitHub\3DRender\Render\3DRender\3DRender\Debug\link.5020-rc.write.1.tlog
C:\Users\Dell\Documents\GitHub\3DRender\Render\3DRender\3DRender\Debug\link.5020.read.1.tlog
C:\Users\Dell\Documents\GitHub\3DRender\Render\3DRender\3DRender\Debug\link.5020.write.1.tlog
C:\Users\Dell\Documents\GitHub\3DRender\Render\3DRender\3DRender\Debug\link.6524-cvtres.read.1.tlog
C:\Users\Dell\Documents\GitHub\3DRender\Render\3DRender\3DRender\Debug\link.6524-cvtres.write.1.tlog
C:\Users\Dell\Documents\GitHub\3DRender\Render\3DRender\3DRender\Debug\link.6524-rc.read.1.tlog
C:\Users\Dell\Documents\GitHub\3DRender\Render\3DRender\3DRender\Debug\link.6524-rc.write.1.tlog
C:\Users\Dell\Documents\GitHub\3DRender\Render\3DRender\3DRender\Debug\link.6524.read.1.tlog
C:\Users\Dell\Documents\GitHub\3DRender\Render\3DRender\3DRender\Debug\link.6524.write.1.tlog
C:\Users\Dell\Documents\GitHub\3DRender\Render\3DRender\3DRender\Debug\link.command.1.tlog
C:\Users\Dell\Documents\GitHub\3DRender\Render\3DRender\3DRender\Debug\link.read.1.tlog
C:\Users\Dell\Documents\GitHub\3DRender\Render\3DRender\3DRender\Debug\link.write.1.tlog
C:\Users\Dell\Documents\GitHub\3DRender\Render\3DRender\3DRender\Debug\vc110.idb
C:\Users\Dell\Documents\GitHub\3DRender\Render\3DRender\3DRender\Debug\vc110.pdb
C:\Users\Dell\Documents\GitHub\3DRender\Render\3DRender\Debug\3DRender.pdb
C:\Users\Dell\Documents\GitHub\3DRender\Render\3DRender\Debug\3DRender.exe
C:\Users\Dell\Documents\GitHub\3DRender\Render\3DRender\Debug\3DRender.ilk
