生成启动时间为 2016/11/18 16:42:54。
     1>项目“C:\Users\Dell\Documents\GitHub\3DRender\Render\3DRender\3DRender\3DRender.vcxproj”在节点 2 上(Build 个目标)。
     1>ClCompile:
         C:\Program Files (x86)\Microsoft Visual Studio 11.0\VC\bin\CL.exe /c /ZI /nologo /W3 /WX- /Od /Oy- /D WIN32 /D _DEBUG /D _CONSOLE /D _MBCS /Gm /EHsc /RTC1 /MDd /GS /fp:precise /Zc:wchar_t /Zc:forScope /Fo"Debug\\" /Fd"Debug\vc110.pdb" /Gd /TP /analyze- /errorReport:prompt GameManager.cpp
         GameManager.cpp
     1>c:\users\dell\documents\github\3drender\render\3drender\3drender\vcolor.h(35): warning C4244: “参数”: 从“float”转换到“int”，可能丢失数据
     1>c:\users\dell\documents\github\3drender\render\3drender\3drender\cube.h(31): warning C4244: “初始化”: 从“float”转换到“int”，可能丢失数据
     1>c:\users\dell\documents\github\3drender\render\3drender\3drender\cube.h(32): warning C4244: “初始化”: 从“float”转换到“int”，可能丢失数据
     1>c:\users\dell\documents\github\3drender\render\3drender\3drender\cube.h(33): warning C4244: “初始化”: 从“float”转换到“int”，可能丢失数据
     1>c:\users\dell\documents\github\3drender\render\3drender\3drender\cube.h(34): warning C4244: “初始化”: 从“float”转换到“int”，可能丢失数据
     1>c:\users\dell\documents\github\3drender\render\3drender\3drender\cube.h(35): warning C4244: “初始化”: 从“float”转换到“int”，可能丢失数据
     1>c:\users\dell\documents\github\3drender\render\3drender\3drender\cube.h(36): warning C4244: “初始化”: 从“float”转换到“int”，可能丢失数据
     1>c:\users\dell\documents\github\3drender\render\3drender\3drender\cube.h(45): warning C4244: “参数”: 从“int”转换到“float”，可能丢失数据
     1>c:\users\dell\documents\github\3drender\render\3drender\3drender\cube.h(46): warning C4244: “参数”: 从“int”转换到“float”，可能丢失数据
     1>c:\users\dell\documents\github\3drender\render\3drender\3drender\cube.h(47): warning C4244: “参数”: 从“int”转换到“float”，可能丢失数据
     1>c:\users\dell\documents\github\3drender\render\3drender\3drender\camera.h(14): warning C4244: “初始化”: 从“int”转换到“float”，可能丢失数据
     1>c:\users\dell\documents\github\3drender\render\3drender\3drender\camera.h(148): warning C4244: “=”: 从“int”转换到“float”，可能丢失数据
     1>c:\users\dell\documents\github\3drender\render\3drender\3drender\camera.h(149): warning C4244: “=”: 从“int”转换到“float”，可能丢失数据
     1>c:\users\dell\documents\github\3drender\render\3drender\3drender\camera.h(150): warning C4244: “=”: 从“int”转换到“float”，可能丢失数据
     1>c:\users\dell\documents\github\3drender\render\3drender\3drender\camera.h(151): warning C4244: “=”: 从“int”转换到“float”，可能丢失数据
     1>c:\users\dell\documents\github\3drender\render\3drender\3drender\gamemanager.cpp(107): warning C4305: “参数”: 从“double”到“float”截断
     1>c:\users\dell\documents\github\3drender\render\3drender\3drender\gamemanager.cpp(113): warning C4018: “<”: 有符号/无符号不匹配
       Link:
         C:\Program Files (x86)\Microsoft Visual Studio 11.0\VC\bin\link.exe /ERRORREPORT:PROMPT /OUT:"C:\Users\Dell\Documents\GitHub\3DRender\Render\3DRender\Debug\3DRender.exe" /INCREMENTAL /NOLOGO winmm.lib dxerr.lib dxguid.lib d3dx9d.lib d3dx10d.lib d3d9.lib comctl32.lib kernel32.lib user32.lib gdi32.lib winspool.lib comdlg32.lib advapi32.lib shell32.lib ole32.lib oleaut32.lib uuid.lib odbc32.lib odbccp32.lib /MANIFEST /MANIFESTUAC:"level='asInvoker' uiAccess='false'" /manifest:embed /DEBUG /PDB:"C:\Users\Dell\Documents\GitHub\3DRender\Render\3DRender\Debug\3DRender.pdb" /SUBSYSTEM:CONSOLE /TLBID:1 /DYNAMICBASE /NXCOMPAT /IMPLIB:"C:\Users\Dell\Documents\GitHub\3DRender\Render\3DRender\Debug\3DRender.lib" /MACHINE:X86 Debug\DirectXLib.obj
         Debug\GameManager.obj
         Debug\Main.obj
         Debug\GameWindow.obj
         Debug\Math.obj
         Debug\Matrix.obj
         Debug\Rasterizer.obj
         Debug\Texture.obj
         Debug\Vector3.obj
         Debug\Vertex.obj
         3DRender.vcxproj -> C:\Users\Dell\Documents\GitHub\3DRender\Render\3DRender\Debug\3DRender.exe
     1>已完成生成项目“C:\Users\Dell\Documents\GitHub\3DRender\Render\3DRender\3DRender\3DRender.vcxproj”(Build 个目标)的操作。

生成成功。

已用时间 00:00:01.59
