  Camera.cpp
f:\git\3drender\3drender\direct3dgame\direct3dgame\math.h(12): warning C4244: “初始化”: 从“float”转换到“int”，可能丢失数据
f:\git\3drender\3drender\direct3dgame\direct3dgame\math.h(13): warning C4244: “初始化”: 从“float”转换到“int”，可能丢失数据
f:\git\3drender\3drender\direct3dgame\direct3dgame\math.h(14): warning C4244: “初始化”: 从“float”转换到“int”，可能丢失数据
f:\git\3drender\3drender\direct3dgame\direct3dgame\math.h(15): warning C4244: “初始化”: 从“float”转换到“int”，可能丢失数据
f:\git\3drender\3drender\direct3dgame\direct3dgame\math.h(29): warning C4244: “参数”: 从“double”转换到“int”，可能丢失数据
f:\git\3drender\3drender\direct3dgame\direct3dgame\math.h(28): warning C4244: “参数”: 从“double”转换到“int”，可能丢失数据
f:\git\3drender\3drender\direct3dgame\direct3dgame\math.h(27): warning C4244: “参数”: 从“double”转换到“int”，可能丢失数据
f:\git\3drender\3drender\direct3dgame\direct3dgame\math.h(26): warning C4244: “参数”: 从“double”转换到“int”，可能丢失数据
f:\git\3drender\3drender\direct3dgame\direct3dgame\math.h(37): warning C4244: “参数”: 从“double”转换到“int”，可能丢失数据
f:\git\3drender\3drender\direct3dgame\direct3dgame\math.h(36): warning C4244: “参数”: 从“double”转换到“int”，可能丢失数据
f:\git\3drender\3drender\direct3dgame\direct3dgame\math.h(35): warning C4244: “参数”: 从“double”转换到“int”，可能丢失数据
f:\git\3drender\3drender\direct3dgame\direct3dgame\math.h(34): warning C4244: “参数”: 从“double”转换到“int”，可能丢失数据
f:\git\3drender\3drender\direct3dgame\direct3dgame\math.h(45): warning C4244: “参数”: 从“double”转换到“int”，可能丢失数据
f:\git\3drender\3drender\direct3dgame\direct3dgame\math.h(44): warning C4244: “参数”: 从“double”转换到“int”，可能丢失数据
f:\git\3drender\3drender\direct3dgame\direct3dgame\math.h(43): warning C4244: “参数”: 从“double”转换到“int”，可能丢失数据
f:\git\3drender\3drender\direct3dgame\direct3dgame\math.h(42): warning C4244: “参数”: 从“double”转换到“int”，可能丢失数据
f:\git\3drender\3drender\direct3dgame\direct3dgame\math.h(53): warning C4244: “参数”: 从“double”转换到“int”，可能丢失数据
f:\git\3drender\3drender\direct3dgame\direct3dgame\math.h(52): warning C4244: “参数”: 从“double”转换到“int”，可能丢失数据
f:\git\3drender\3drender\direct3dgame\direct3dgame\math.h(51): warning C4244: “参数”: 从“double”转换到“int”，可能丢失数据
f:\git\3drender\3drender\direct3dgame\direct3dgame\math.h(50): warning C4244: “参数”: 从“double”转换到“int”，可能丢失数据
  DirectXLib.cpp
f:\git\3drender\3drender\direct3dgame\direct3dgame\math.h(12): warning C4244: “初始化”: 从“float”转换到“int”，可能丢失数据
f:\git\3drender\3drender\direct3dgame\direct3dgame\math.h(13): warning C4244: “初始化”: 从“float”转换到“int”，可能丢失数据
f:\git\3drender\3drender\direct3dgame\direct3dgame\math.h(14): warning C4244: “初始化”: 从“float”转换到“int”，可能丢失数据
f:\git\3drender\3drender\direct3dgame\direct3dgame\math.h(15): warning C4244: “初始化”: 从“float”转换到“int”，可能丢失数据
f:\git\3drender\3drender\direct3dgame\direct3dgame\math.h(29): warning C4244: “参数”: 从“double”转换到“int”，可能丢失数据
f:\git\3drender\3drender\direct3dgame\direct3dgame\math.h(28): warning C4244: “参数”: 从“double”转换到“int”，可能丢失数据
f:\git\3drender\3drender\direct3dgame\direct3dgame\math.h(27): warning C4244: “参数”: 从“double”转换到“int”，可能丢失数据
f:\git\3drender\3drender\direct3dgame\direct3dgame\math.h(26): warning C4244: “参数”: 从“double”转换到“int”，可能丢失数据
f:\git\3drender\3drender\direct3dgame\direct3dgame\math.h(37): warning C4244: “参数”: 从“double”转换到“int”，可能丢失数据
f:\git\3drender\3drender\direct3dgame\direct3dgame\math.h(36): warning C4244: “参数”: 从“double”转换到“int”，可能丢失数据
f:\git\3drender\3drender\direct3dgame\direct3dgame\math.h(35): warning C4244: “参数”: 从“double”转换到“int”，可能丢失数据
f:\git\3drender\3drender\direct3dgame\direct3dgame\math.h(34): warning C4244: “参数”: 从“double”转换到“int”，可能丢失数据
f:\git\3drender\3drender\direct3dgame\direct3dgame\math.h(45): warning C4244: “参数”: 从“double”转换到“int”，可能丢失数据
f:\git\3drender\3drender\direct3dgame\direct3dgame\math.h(44): warning C4244: “参数”: 从“double”转换到“int”，可能丢失数据
f:\git\3drender\3drender\direct3dgame\direct3dgame\math.h(43): warning C4244: “参数”: 从“double”转换到“int”，可能丢失数据
f:\git\3drender\3drender\direct3dgame\direct3dgame\math.h(42): warning C4244: “参数”: 从“double”转换到“int”，可能丢失数据
f:\git\3drender\3drender\direct3dgame\direct3dgame\math.h(53): warning C4244: “参数”: 从“double”转换到“int”，可能丢失数据
f:\git\3drender\3drender\direct3dgame\direct3dgame\math.h(52): warning C4244: “参数”: 从“double”转换到“int”，可能丢失数据
f:\git\3drender\3drender\direct3dgame\direct3dgame\math.h(51): warning C4244: “参数”: 从“double”转换到“int”，可能丢失数据
f:\git\3drender\3drender\direct3dgame\direct3dgame\math.h(50): warning C4244: “参数”: 从“double”转换到“int”，可能丢失数据
f:\git\3drender\3drender\direct3dgame\direct3dgame\directxlib.cpp(116): warning C4244: “初始化”: 从“int”转换到“float”，可能丢失数据
f:\git\3drender\3drender\direct3dgame\direct3dgame\directxlib.cpp(117): warning C4244: “初始化”: 从“int”转换到“float”，可能丢失数据
f:\git\3drender\3drender\direct3dgame\direct3dgame\directxlib.cpp(118): warning C4244: “初始化”: 从“int”转换到“float”，可能丢失数据
f:\git\3drender\3drender\direct3dgame\direct3dgame\directxlib.cpp(137): warning C4244: “初始化”: 从“int”转换到“float”，可能丢失数据
f:\git\3drender\3drender\direct3dgame\direct3dgame\directxlib.cpp(138): warning C4244: “初始化”: 从“int”转换到“float”，可能丢失数据
f:\git\3drender\3drender\direct3dgame\direct3dgame\directxlib.cpp(139): warning C4244: “初始化”: 从“int”转换到“float”，可能丢失数据
f:\git\3drender\3drender\direct3dgame\direct3dgame\directxlib.cpp(183): warning C4244: “初始化”: 从“double”转换到“int”，可能丢失数据
f:\git\3drender\3drender\direct3dgame\direct3dgame\directxlib.cpp(184): warning C4244: “初始化”: 从“double”转换到“int”，可能丢失数据
f:\git\3drender\3drender\direct3dgame\direct3dgame\directxlib.cpp(211): warning C4244: “参数”: 从“float”转换到“int”，可能丢失数据
f:\git\3drender\3drender\direct3dgame\direct3dgame\directxlib.cpp(212): warning C4244: “参数”: 从“float”转换到“int”，可能丢失数据
f:\git\3drender\3drender\direct3dgame\direct3dgame\directxlib.cpp(213): warning C4244: “参数”: 从“float”转换到“int”，可能丢失数据
f:\git\3drender\3drender\direct3dgame\direct3dgame\directxlib.cpp(214): warning C4244: “参数”: 从“float”转换到“int”，可能丢失数据
f:\git\3drender\3drender\direct3dgame\direct3dgame\directxlib.cpp(220): warning C4244: “参数”: 从“float”转换到“int”，可能丢失数据
f:\git\3drender\3drender\direct3dgame\direct3dgame\directxlib.cpp(221): warning C4244: “参数”: 从“float”转换到“int”，可能丢失数据
f:\git\3drender\3drender\direct3dgame\direct3dgame\directxlib.cpp(222): warning C4244: “参数”: 从“float”转换到“int”，可能丢失数据
f:\git\3drender\3drender\direct3dgame\direct3dgame\directxlib.cpp(223): warning C4244: “参数”: 从“float”转换到“int”，可能丢失数据
f:\git\3drender\3drender\direct3dgame\direct3dgame\directxlib.cpp(245): warning C4244: “初始化”: 从“double”转换到“int”，可能丢失数据
f:\git\3drender\3drender\direct3dgame\direct3dgame\directxlib.cpp(246): warning C4244: “初始化”: 从“double”转换到“int”，可能丢失数据
f:\git\3drender\3drender\direct3dgame\direct3dgame\directxlib.cpp(271): warning C4244: “初始化”: 从“double”转换到“int”，可能丢失数据
f:\git\3drender\3drender\direct3dgame\direct3dgame\directxlib.cpp(272): warning C4244: “初始化”: 从“double”转换到“int”，可能丢失数据
f:\git\3drender\3drender\direct3dgame\direct3dgame\directxlib.cpp(295): warning C4244: “参数”: 从“float”转换到“int”，可能丢失数据
f:\git\3drender\3drender\direct3dgame\direct3dgame\directxlib.cpp(299): warning C4244: “参数”: 从“float”转换到“int”，可能丢失数据
f:\git\3drender\3drender\direct3dgame\direct3dgame\directxlib.cpp(303): warning C4244: “参数”: 从“float”转换到“int”，可能丢失数据
f:\git\3drender\3drender\direct3dgame\direct3dgame\directxlib.cpp(307): warning C4244: “参数”: 从“float”转换到“int”，可能丢失数据
f:\git\3drender\3drender\direct3dgame\direct3dgame\directxlib.cpp(345): warning C4018: “<”: 有符号/无符号不匹配
f:\git\3drender\3drender\direct3dgame\direct3dgame\directxlib.cpp(355): warning C4244: “参数”: 从“float”转换到“int”，可能丢失数据
f:\git\3drender\3drender\direct3dgame\direct3dgame\directxlib.cpp(356): warning C4244: “参数”: 从“float”转换到“int”，可能丢失数据
f:\git\3drender\3drender\direct3dgame\direct3dgame\directxlib.cpp(357): warning C4244: “参数”: 从“float”转换到“int”，可能丢失数据
f:\git\3drender\3drender\direct3dgame\direct3dgame\directxlib.cpp(365): warning C4018: “<”: 有符号/无符号不匹配
  GameWindow.cpp
f:\git\3drender\3drender\direct3dgame\direct3dgame\math.h(12): warning C4244: “初始化”: 从“float”转换到“int”，可能丢失数据
f:\git\3drender\3drender\direct3dgame\direct3dgame\math.h(13): warning C4244: “初始化”: 从“float”转换到“int”，可能丢失数据
f:\git\3drender\3drender\direct3dgame\direct3dgame\math.h(14): warning C4244: “初始化”: 从“float”转换到“int”，可能丢失数据
f:\git\3drender\3drender\direct3dgame\direct3dgame\math.h(15): warning C4244: “初始化”: 从“float”转换到“int”，可能丢失数据
f:\git\3drender\3drender\direct3dgame\direct3dgame\math.h(29): warning C4244: “参数”: 从“double”转换到“int”，可能丢失数据
f:\git\3drender\3drender\direct3dgame\direct3dgame\math.h(28): warning C4244: “参数”: 从“double”转换到“int”，可能丢失数据
f:\git\3drender\3drender\direct3dgame\direct3dgame\math.h(27): warning C4244: “参数”: 从“double”转换到“int”，可能丢失数据
f:\git\3drender\3drender\direct3dgame\direct3dgame\math.h(26): warning C4244: “参数”: 从“double”转换到“int”，可能丢失数据
f:\git\3drender\3drender\direct3dgame\direct3dgame\math.h(37): warning C4244: “参数”: 从“double”转换到“int”，可能丢失数据
f:\git\3drender\3drender\direct3dgame\direct3dgame\math.h(36): warning C4244: “参数”: 从“double”转换到“int”，可能丢失数据
f:\git\3drender\3drender\direct3dgame\direct3dgame\math.h(35): warning C4244: “参数”: 从“double”转换到“int”，可能丢失数据
f:\git\3drender\3drender\direct3dgame\direct3dgame\math.h(34): warning C4244: “参数”: 从“double”转换到“int”，可能丢失数据
f:\git\3drender\3drender\direct3dgame\direct3dgame\math.h(45): warning C4244: “参数”: 从“double”转换到“int”，可能丢失数据
f:\git\3drender\3drender\direct3dgame\direct3dgame\math.h(44): warning C4244: “参数”: 从“double”转换到“int”，可能丢失数据
f:\git\3drender\3drender\direct3dgame\direct3dgame\math.h(43): warning C4244: “参数”: 从“double”转换到“int”，可能丢失数据
f:\git\3drender\3drender\direct3dgame\direct3dgame\math.h(42): warning C4244: “参数”: 从“double”转换到“int”，可能丢失数据
f:\git\3drender\3drender\direct3dgame\direct3dgame\math.h(53): warning C4244: “参数”: 从“double”转换到“int”，可能丢失数据
f:\git\3drender\3drender\direct3dgame\direct3dgame\math.h(52): warning C4244: “参数”: 从“double”转换到“int”，可能丢失数据
f:\git\3drender\3drender\direct3dgame\direct3dgame\math.h(51): warning C4244: “参数”: 从“double”转换到“int”，可能丢失数据
f:\git\3drender\3drender\direct3dgame\direct3dgame\math.h(50): warning C4244: “参数”: 从“double”转换到“int”，可能丢失数据
f:\git\3drender\3drender\direct3dgame\direct3dgame\gamewindow.cpp(118): warning C4305: “=”: 从“double”到“float”截断
f:\git\3drender\3drender\direct3dgame\direct3dgame\gamewindow.cpp(122): warning C4305: “=”: 从“double”到“float”截断
f:\git\3drender\3drender\direct3dgame\direct3dgame\gamewindow.cpp(140): warning C4305: “=”: 从“double”到“float”截断
f:\git\3drender\3drender\direct3dgame\direct3dgame\gamewindow.cpp(144): warning C4305: “=”: 从“double”到“float”截断
f:\git\3drender\3drender\direct3dgame\direct3dgame\gamewindow.cpp(148): warning C4305: “=”: 从“double”到“float”截断
f:\git\3drender\3drender\direct3dgame\direct3dgame\gamewindow.cpp(214): warning C4244: “参数”: 从“int”转换到“float”，可能丢失数据
f:\git\3drender\3drender\direct3dgame\direct3dgame\gamewindow.cpp(216): warning C4244: “参数”: 从“int”转换到“float”，可能丢失数据
f:\git\3drender\3drender\direct3dgame\direct3dgame\gamewindow.cpp(218): warning C4244: “参数”: 从“int”转换到“float”，可能丢失数据
f:\git\3drender\3drender\direct3dgame\direct3dgame\gamewindow.cpp(335): warning C4244: “初始化”: 从“double”转换到“float”，可能丢失数据
f:\git\3drender\3drender\direct3dgame\direct3dgame\gamewindow.cpp(348): warning C4244: “参数”: 从“double”转换到“float”，可能丢失数据
f:\git\3drender\3drender\direct3dgame\direct3dgame\gamewindow.cpp(425): warning C4018: “<”: 有符号/无符号不匹配
f:\git\3drender\3drender\direct3dgame\direct3dgame\gamewindow.cpp(434): warning C4018: “<”: 有符号/无符号不匹配
f:\git\3drender\3drender\direct3dgame\direct3dgame\gamewindow.cpp(447): warning C4018: “<”: 有符号/无符号不匹配
f:\git\3drender\3drender\direct3dgame\direct3dgame\gamewindow.cpp(564): warning C4244: “参数”: 从“unsigned long”转换到“float”，可能丢失数据
  Math.cpp
f:\git\3drender\3drender\direct3dgame\direct3dgame\math.h(12): warning C4244: “初始化”: 从“float”转换到“int”，可能丢失数据
f:\git\3drender\3drender\direct3dgame\direct3dgame\math.h(13): warning C4244: “初始化”: 从“float”转换到“int”，可能丢失数据
f:\git\3drender\3drender\direct3dgame\direct3dgame\math.h(14): warning C4244: “初始化”: 从“float”转换到“int”，可能丢失数据
f:\git\3drender\3drender\direct3dgame\direct3dgame\math.h(15): warning C4244: “初始化”: 从“float”转换到“int”，可能丢失数据
f:\git\3drender\3drender\direct3dgame\direct3dgame\math.h(29): warning C4244: “参数”: 从“double”转换到“int”，可能丢失数据
f:\git\3drender\3drender\direct3dgame\direct3dgame\math.h(28): warning C4244: “参数”: 从“double”转换到“int”，可能丢失数据
f:\git\3drender\3drender\direct3dgame\direct3dgame\math.h(27): warning C4244: “参数”: 从“double”转换到“int”，可能丢失数据
f:\git\3drender\3drender\direct3dgame\direct3dgame\math.h(26): warning C4244: “参数”: 从“double”转换到“int”，可能丢失数据
f:\git\3drender\3drender\direct3dgame\direct3dgame\math.h(37): warning C4244: “参数”: 从“double”转换到“int”，可能丢失数据
f:\git\3drender\3drender\direct3dgame\direct3dgame\math.h(36): warning C4244: “参数”: 从“double”转换到“int”，可能丢失数据
f:\git\3drender\3drender\direct3dgame\direct3dgame\math.h(35): warning C4244: “参数”: 从“double”转换到“int”，可能丢失数据
f:\git\3drender\3drender\direct3dgame\direct3dgame\math.h(34): warning C4244: “参数”: 从“double”转换到“int”，可能丢失数据
f:\git\3drender\3drender\direct3dgame\direct3dgame\math.h(45): warning C4244: “参数”: 从“double”转换到“int”，可能丢失数据
f:\git\3drender\3drender\direct3dgame\direct3dgame\math.h(44): warning C4244: “参数”: 从“double”转换到“int”，可能丢失数据
f:\git\3drender\3drender\direct3dgame\direct3dgame\math.h(43): warning C4244: “参数”: 从“double”转换到“int”，可能丢失数据
f:\git\3drender\3drender\direct3dgame\direct3dgame\math.h(42): warning C4244: “参数”: 从“double”转换到“int”，可能丢失数据
f:\git\3drender\3drender\direct3dgame\direct3dgame\math.h(53): warning C4244: “参数”: 从“double”转换到“int”，可能丢失数据
f:\git\3drender\3drender\direct3dgame\direct3dgame\math.h(52): warning C4244: “参数”: 从“double”转换到“int”，可能丢失数据
f:\git\3drender\3drender\direct3dgame\direct3dgame\math.h(51): warning C4244: “参数”: 从“double”转换到“int”，可能丢失数据
f:\git\3drender\3drender\direct3dgame\direct3dgame\math.h(50): warning C4244: “参数”: 从“double”转换到“int”，可能丢失数据
f:\git\3drender\3drender\direct3dgame\direct3dgame\math.cpp(9): warning C4244: “return”: 从“double”转换到“float”，可能丢失数据
f:\git\3drender\3drender\direct3dgame\direct3dgame\math.cpp(14): warning C4244: “return”: 从“double”转换到“float”，可能丢失数据
f:\git\3drender\3drender\direct3dgame\direct3dgame\math.cpp(19): warning C4244: “return”: 从“double”转换到“float”，可能丢失数据
  Matrix.cpp
f:\git\3drender\3drender\direct3dgame\direct3dgame\math.h(12): warning C4244: “初始化”: 从“float”转换到“int”，可能丢失数据
f:\git\3drender\3drender\direct3dgame\direct3dgame\math.h(13): warning C4244: “初始化”: 从“float”转换到“int”，可能丢失数据
f:\git\3drender\3drender\direct3dgame\direct3dgame\math.h(14): warning C4244: “初始化”: 从“float”转换到“int”，可能丢失数据
f:\git\3drender\3drender\direct3dgame\direct3dgame\math.h(15): warning C4244: “初始化”: 从“float”转换到“int”，可能丢失数据
f:\git\3drender\3drender\direct3dgame\direct3dgame\math.h(29): warning C4244: “参数”: 从“double”转换到“int”，可能丢失数据
f:\git\3drender\3drender\direct3dgame\direct3dgame\math.h(28): warning C4244: “参数”: 从“double”转换到“int”，可能丢失数据
f:\git\3drender\3drender\direct3dgame\direct3dgame\math.h(27): warning C4244: “参数”: 从“double”转换到“int”，可能丢失数据
f:\git\3drender\3drender\direct3dgame\direct3dgame\math.h(26): warning C4244: “参数”: 从“double”转换到“int”，可能丢失数据
f:\git\3drender\3drender\direct3dgame\direct3dgame\math.h(37): warning C4244: “参数”: 从“double”转换到“int”，可能丢失数据
f:\git\3drender\3drender\direct3dgame\direct3dgame\math.h(36): warning C4244: “参数”: 从“double”转换到“int”，可能丢失数据
f:\git\3drender\3drender\direct3dgame\direct3dgame\math.h(35): warning C4244: “参数”: 从“double”转换到“int”，可能丢失数据
f:\git\3drender\3drender\direct3dgame\direct3dgame\math.h(34): warning C4244: “参数”: 从“double”转换到“int”，可能丢失数据
f:\git\3drender\3drender\direct3dgame\direct3dgame\math.h(45): warning C4244: “参数”: 从“double”转换到“int”，可能丢失数据
f:\git\3drender\3drender\direct3dgame\direct3dgame\math.h(44): warning C4244: “参数”: 从“double”转换到“int”，可能丢失数据
f:\git\3drender\3drender\direct3dgame\direct3dgame\math.h(43): warning C4244: “参数”: 从“double”转换到“int”，可能丢失数据
f:\git\3drender\3drender\direct3dgame\direct3dgame\math.h(42): warning C4244: “参数”: 从“double”转换到“int”，可能丢失数据
f:\git\3drender\3drender\direct3dgame\direct3dgame\math.h(53): warning C4244: “参数”: 从“double”转换到“int”，可能丢失数据
f:\git\3drender\3drender\direct3dgame\direct3dgame\math.h(52): warning C4244: “参数”: 从“double”转换到“int”，可能丢失数据
f:\git\3drender\3drender\direct3dgame\direct3dgame\math.h(51): warning C4244: “参数”: 从“double”转换到“int”，可能丢失数据
f:\git\3drender\3drender\direct3dgame\direct3dgame\math.h(50): warning C4244: “参数”: 从“double”转换到“int”，可能丢失数据
  Object.cpp
f:\git\3drender\3drender\direct3dgame\direct3dgame\math.h(12): warning C4244: “初始化”: 从“float”转换到“int”，可能丢失数据
f:\git\3drender\3drender\direct3dgame\direct3dgame\math.h(13): warning C4244: “初始化”: 从“float”转换到“int”，可能丢失数据
f:\git\3drender\3drender\direct3dgame\direct3dgame\math.h(14): warning C4244: “初始化”: 从“float”转换到“int”，可能丢失数据
f:\git\3drender\3drender\direct3dgame\direct3dgame\math.h(15): warning C4244: “初始化”: 从“float”转换到“int”，可能丢失数据
f:\git\3drender\3drender\direct3dgame\direct3dgame\math.h(29): warning C4244: “参数”: 从“double”转换到“int”，可能丢失数据
f:\git\3drender\3drender\direct3dgame\direct3dgame\math.h(28): warning C4244: “参数”: 从“double”转换到“int”，可能丢失数据
f:\git\3drender\3drender\direct3dgame\direct3dgame\math.h(27): warning C4244: “参数”: 从“double”转换到“int”，可能丢失数据
f:\git\3drender\3drender\direct3dgame\direct3dgame\math.h(26): warning C4244: “参数”: 从“double”转换到“int”，可能丢失数据
f:\git\3drender\3drender\direct3dgame\direct3dgame\math.h(37): warning C4244: “参数”: 从“double”转换到“int”，可能丢失数据
f:\git\3drender\3drender\direct3dgame\direct3dgame\math.h(36): warning C4244: “参数”: 从“double”转换到“int”，可能丢失数据
f:\git\3drender\3drender\direct3dgame\direct3dgame\math.h(35): warning C4244: “参数”: 从“double”转换到“int”，可能丢失数据
f:\git\3drender\3drender\direct3dgame\direct3dgame\math.h(34): warning C4244: “参数”: 从“double”转换到“int”，可能丢失数据
f:\git\3drender\3drender\direct3dgame\direct3dgame\math.h(45): warning C4244: “参数”: 从“double”转换到“int”，可能丢失数据
f:\git\3drender\3drender\direct3dgame\direct3dgame\math.h(44): warning C4244: “参数”: 从“double”转换到“int”，可能丢失数据
f:\git\3drender\3drender\direct3dgame\direct3dgame\math.h(43): warning C4244: “参数”: 从“double”转换到“int”，可能丢失数据
f:\git\3drender\3drender\direct3dgame\direct3dgame\math.h(42): warning C4244: “参数”: 从“double”转换到“int”，可能丢失数据
f:\git\3drender\3drender\direct3dgame\direct3dgame\math.h(53): warning C4244: “参数”: 从“double”转换到“int”，可能丢失数据
f:\git\3drender\3drender\direct3dgame\direct3dgame\math.h(52): warning C4244: “参数”: 从“double”转换到“int”，可能丢失数据
f:\git\3drender\3drender\direct3dgame\direct3dgame\math.h(51): warning C4244: “参数”: 从“double”转换到“int”，可能丢失数据
f:\git\3drender\3drender\direct3dgame\direct3dgame\math.h(50): warning C4244: “参数”: 从“double”转换到“int”，可能丢失数据
  Texture.cpp
f:\git\3drender\3drender\direct3dgame\direct3dgame\math.h(12): warning C4244: “初始化”: 从“float”转换到“int”，可能丢失数据
f:\git\3drender\3drender\direct3dgame\direct3dgame\math.h(13): warning C4244: “初始化”: 从“float”转换到“int”，可能丢失数据
f:\git\3drender\3drender\direct3dgame\direct3dgame\math.h(14): warning C4244: “初始化”: 从“float”转换到“int”，可能丢失数据
f:\git\3drender\3drender\direct3dgame\direct3dgame\math.h(15): warning C4244: “初始化”: 从“float”转换到“int”，可能丢失数据
f:\git\3drender\3drender\direct3dgame\direct3dgame\math.h(29): warning C4244: “参数”: 从“double”转换到“int”，可能丢失数据
f:\git\3drender\3drender\direct3dgame\direct3dgame\math.h(28): warning C4244: “参数”: 从“double”转换到“int”，可能丢失数据
f:\git\3drender\3drender\direct3dgame\direct3dgame\math.h(27): warning C4244: “参数”: 从“double”转换到“int”，可能丢失数据
f:\git\3drender\3drender\direct3dgame\direct3dgame\math.h(26): warning C4244: “参数”: 从“double”转换到“int”，可能丢失数据
f:\git\3drender\3drender\direct3dgame\direct3dgame\math.h(37): warning C4244: “参数”: 从“double”转换到“int”，可能丢失数据
f:\git\3drender\3drender\direct3dgame\direct3dgame\math.h(36): warning C4244: “参数”: 从“double”转换到“int”，可能丢失数据
f:\git\3drender\3drender\direct3dgame\direct3dgame\math.h(35): warning C4244: “参数”: 从“double”转换到“int”，可能丢失数据
f:\git\3drender\3drender\direct3dgame\direct3dgame\math.h(34): warning C4244: “参数”: 从“double”转换到“int”，可能丢失数据
f:\git\3drender\3drender\direct3dgame\direct3dgame\math.h(45): warning C4244: “参数”: 从“double”转换到“int”，可能丢失数据
f:\git\3drender\3drender\direct3dgame\direct3dgame\math.h(44): warning C4244: “参数”: 从“double”转换到“int”，可能丢失数据
f:\git\3drender\3drender\direct3dgame\direct3dgame\math.h(43): warning C4244: “参数”: 从“double”转换到“int”，可能丢失数据
f:\git\3drender\3drender\direct3dgame\direct3dgame\math.h(42): warning C4244: “参数”: 从“double”转换到“int”，可能丢失数据
f:\git\3drender\3drender\direct3dgame\direct3dgame\math.h(53): warning C4244: “参数”: 从“double”转换到“int”，可能丢失数据
f:\git\3drender\3drender\direct3dgame\direct3dgame\math.h(52): warning C4244: “参数”: 从“double”转换到“int”，可能丢失数据
f:\git\3drender\3drender\direct3dgame\direct3dgame\math.h(51): warning C4244: “参数”: 从“double”转换到“int”，可能丢失数据
f:\git\3drender\3drender\direct3dgame\direct3dgame\math.h(50): warning C4244: “参数”: 从“double”转换到“int”，可能丢失数据
  Vector3.cpp
  Vertex.cpp
f:\git\3drender\3drender\direct3dgame\direct3dgame\math.h(12): warning C4244: “初始化”: 从“float”转换到“int”，可能丢失数据
f:\git\3drender\3drender\direct3dgame\direct3dgame\math.h(13): warning C4244: “初始化”: 从“float”转换到“int”，可能丢失数据
f:\git\3drender\3drender\direct3dgame\direct3dgame\math.h(14): warning C4244: “初始化”: 从“float”转换到“int”，可能丢失数据
f:\git\3drender\3drender\direct3dgame\direct3dgame\math.h(15): warning C4244: “初始化”: 从“float”转换到“int”，可能丢失数据
f:\git\3drender\3drender\direct3dgame\direct3dgame\math.h(29): warning C4244: “参数”: 从“double”转换到“int”，可能丢失数据
f:\git\3drender\3drender\direct3dgame\direct3dgame\math.h(28): warning C4244: “参数”: 从“double”转换到“int”，可能丢失数据
f:\git\3drender\3drender\direct3dgame\direct3dgame\math.h(27): warning C4244: “参数”: 从“double”转换到“int”，可能丢失数据
f:\git\3drender\3drender\direct3dgame\direct3dgame\math.h(26): warning C4244: “参数”: 从“double”转换到“int”，可能丢失数据
f:\git\3drender\3drender\direct3dgame\direct3dgame\math.h(37): warning C4244: “参数”: 从“double”转换到“int”，可能丢失数据
f:\git\3drender\3drender\direct3dgame\direct3dgame\math.h(36): warning C4244: “参数”: 从“double”转换到“int”，可能丢失数据
f:\git\3drender\3drender\direct3dgame\direct3dgame\math.h(35): warning C4244: “参数”: 从“double”转换到“int”，可能丢失数据
f:\git\3drender\3drender\direct3dgame\direct3dgame\math.h(34): warning C4244: “参数”: 从“double”转换到“int”，可能丢失数据
f:\git\3drender\3drender\direct3dgame\direct3dgame\math.h(45): warning C4244: “参数”: 从“double”转换到“int”，可能丢失数据
f:\git\3drender\3drender\direct3dgame\direct3dgame\math.h(44): warning C4244: “参数”: 从“double”转换到“int”，可能丢失数据
f:\git\3drender\3drender\direct3dgame\direct3dgame\math.h(43): warning C4244: “参数”: 从“double”转换到“int”，可能丢失数据
f:\git\3drender\3drender\direct3dgame\direct3dgame\math.h(42): warning C4244: “参数”: 从“double”转换到“int”，可能丢失数据
f:\git\3drender\3drender\direct3dgame\direct3dgame\math.h(53): warning C4244: “参数”: 从“double”转换到“int”，可能丢失数据
f:\git\3drender\3drender\direct3dgame\direct3dgame\math.h(52): warning C4244: “参数”: 从“double”转换到“int”，可能丢失数据
f:\git\3drender\3drender\direct3dgame\direct3dgame\math.h(51): warning C4244: “参数”: 从“double”转换到“int”，可能丢失数据
f:\git\3drender\3drender\direct3dgame\direct3dgame\math.h(50): warning C4244: “参数”: 从“double”转换到“int”，可能丢失数据
  正在生成代码...
  Direct3DGame.vcxproj -> F:\Git\3DRender\3DRender\Direct3DGame\Debug\Direct3DGame.exe
