C:\USERS\DELL\DOCUMENTS\GITHUB\3DRENDER\DIRECT3DGAME\DIRECT3DGAME\DEBUG\CAMERA.OBJ
C:\USERS\DELL\DOCUMENTS\GITHUB\3DRENDER\DIRECT3DGAME\DIRECT3DGAME\DEBUG\MATH.OBJ
C:\USERS\DELL\DOCUMENTS\GITHUB\3DRENDER\DIRECT3DGAME\DIRECT3DGAME\DEBUG\MATRIX.OBJ
C:\USERS\DELL\DOCUMENTS\GITHUB\3DRENDER\DIRECT3DGAME\DIRECT3DGAME\DEBUG\VECTOR3.OBJ
C:\USERS\DELL\DOCUMENTS\GITHUB\3DRENDER\DIRECT3DGAME\DIRECT3DGAME\DEBUG\VC110.PDB
C:\USERS\DELL\DOCUMENTS\GITHUB\3DRENDER\DIRECT3DGAME\DIRECT3DGAME\DEBUG\DIRECTXLIB.OBJ
C:\USERS\DELL\DOCUMENTS\GITHUB\3DRENDER\DIRECT3DGAME\DIRECT3DGAME\DEBUG\GAMEWINDOW.OBJ
C:\USERS\DELL\DOCUMENTS\GITHUB\3DRENDER\DIRECT3DGAME\DIRECT3DGAME\DEBUG\VERTEX.OBJ
C:\USERS\DELL\DOCUMENTS\GITHUB\3DRENDER\DIRECT3DGAME\DIRECT3DGAME\DEBUG\TEXTURE.OBJ
C:\Users\Dell\Documents\GitHub\3DRender\Direct3DGame\Direct3DGame\Debug\Camera.obj
C:\Users\Dell\Documents\GitHub\3DRender\Direct3DGame\Direct3DGame\Debug\DirectXLib.obj
C:\Users\Dell\Documents\GitHub\3DRender\Direct3DGame\Direct3DGame\Debug\GameWindow.obj
C:\Users\Dell\Documents\GitHub\3DRender\Direct3DGame\Direct3DGame\Debug\Math.obj
C:\Users\Dell\Documents\GitHub\3DRender\Direct3DGame\Direct3DGame\Debug\Matrix.obj
C:\Users\Dell\Documents\GitHub\3DRender\Direct3DGame\Direct3DGame\Debug\Texture.obj
C:\Users\Dell\Documents\GitHub\3DRender\Direct3DGame\Direct3DGame\Debug\Vector3.obj
C:\Users\Dell\Documents\GitHub\3DRender\Direct3DGame\Direct3DGame\Debug\Vertex.obj
C:\Users\Dell\Documents\GitHub\3DRender\Direct3DGame\Direct3DGame\Debug\cl.command.1.tlog
C:\Users\Dell\Documents\GitHub\3DRender\Direct3DGame\Direct3DGame\Debug\CL.read.1.tlog
C:\Users\Dell\Documents\GitHub\3DRender\Direct3DGame\Direct3DGame\Debug\CL.write.1.tlog
C:\Users\Dell\Documents\GitHub\3DRender\Direct3DGame\Direct3DGame\Debug\link-cvtres.read.1.tlog
C:\Users\Dell\Documents\GitHub\3DRender\Direct3DGame\Direct3DGame\Debug\link-cvtres.write.1.tlog
C:\Users\Dell\Documents\GitHub\3DRender\Direct3DGame\Direct3DGame\Debug\link-rc.read.1.tlog
C:\Users\Dell\Documents\GitHub\3DRender\Direct3DGame\Direct3DGame\Debug\link-rc.write.1.tlog
C:\Users\Dell\Documents\GitHub\3DRender\Direct3DGame\Direct3DGame\Debug\link.10144-cvtres.read.1.tlog
C:\Users\Dell\Documents\GitHub\3DRender\Direct3DGame\Direct3DGame\Debug\link.10144-cvtres.write.1.tlog
C:\Users\Dell\Documents\GitHub\3DRender\Direct3DGame\Direct3DGame\Debug\link.10144-rc.read.1.tlog
C:\Users\Dell\Documents\GitHub\3DRender\Direct3DGame\Direct3DGame\Debug\link.10144-rc.write.1.tlog
C:\Users\Dell\Documents\GitHub\3DRender\Direct3DGame\Direct3DGame\Debug\link.10144.read.1.tlog
C:\Users\Dell\Documents\GitHub\3DRender\Direct3DGame\Direct3DGame\Debug\link.10144.write.1.tlog
C:\Users\Dell\Documents\GitHub\3DRender\Direct3DGame\Direct3DGame\Debug\link.10176-cvtres.read.1.tlog
C:\Users\Dell\Documents\GitHub\3DRender\Direct3DGame\Direct3DGame\Debug\link.10176-cvtres.write.1.tlog
C:\Users\Dell\Documents\GitHub\3DRender\Direct3DGame\Direct3DGame\Debug\link.10176-rc.read.1.tlog
C:\Users\Dell\Documents\GitHub\3DRender\Direct3DGame\Direct3DGame\Debug\link.10176-rc.write.1.tlog
C:\Users\Dell\Documents\GitHub\3DRender\Direct3DGame\Direct3DGame\Debug\link.10176.read.1.tlog
C:\Users\Dell\Documents\GitHub\3DRender\Direct3DGame\Direct3DGame\Debug\link.10176.write.1.tlog
C:\Users\Dell\Documents\GitHub\3DRender\Direct3DGame\Direct3DGame\Debug\link.11360-cvtres.read.1.tlog
C:\Users\Dell\Documents\GitHub\3DRender\Direct3DGame\Direct3DGame\Debug\link.11360-cvtres.write.1.tlog
C:\Users\Dell\Documents\GitHub\3DRender\Direct3DGame\Direct3DGame\Debug\link.11360-rc.read.1.tlog
C:\Users\Dell\Documents\GitHub\3DRender\Direct3DGame\Direct3DGame\Debug\link.11360-rc.write.1.tlog
C:\Users\Dell\Documents\GitHub\3DRender\Direct3DGame\Direct3DGame\Debug\link.11360.read.1.tlog
C:\Users\Dell\Documents\GitHub\3DRender\Direct3DGame\Direct3DGame\Debug\link.11360.write.1.tlog
C:\Users\Dell\Documents\GitHub\3DRender\Direct3DGame\Direct3DGame\Debug\link.11624-cvtres.read.1.tlog
C:\Users\Dell\Documents\GitHub\3DRender\Direct3DGame\Direct3DGame\Debug\link.11624-cvtres.write.1.tlog
C:\Users\Dell\Documents\GitHub\3DRender\Direct3DGame\Direct3DGame\Debug\link.11624-rc.read.1.tlog
C:\Users\Dell\Documents\GitHub\3DRender\Direct3DGame\Direct3DGame\Debug\link.11624-rc.write.1.tlog
C:\Users\Dell\Documents\GitHub\3DRender\Direct3DGame\Direct3DGame\Debug\link.11624.read.1.tlog
C:\Users\Dell\Documents\GitHub\3DRender\Direct3DGame\Direct3DGame\Debug\link.11624.write.1.tlog
C:\Users\Dell\Documents\GitHub\3DRender\Direct3DGame\Direct3DGame\Debug\link.12256-cvtres.read.1.tlog
C:\Users\Dell\Documents\GitHub\3DRender\Direct3DGame\Direct3DGame\Debug\link.12256-cvtres.write.1.tlog
C:\Users\Dell\Documents\GitHub\3DRender\Direct3DGame\Direct3DGame\Debug\link.12256-rc.read.1.tlog
C:\Users\Dell\Documents\GitHub\3DRender\Direct3DGame\Direct3DGame\Debug\link.12256-rc.write.1.tlog
C:\Users\Dell\Documents\GitHub\3DRender\Direct3DGame\Direct3DGame\Debug\link.12256.read.1.tlog
C:\Users\Dell\Documents\GitHub\3DRender\Direct3DGame\Direct3DGame\Debug\link.12256.write.1.tlog
C:\Users\Dell\Documents\GitHub\3DRender\Direct3DGame\Direct3DGame\Debug\link.3060-cvtres.read.1.tlog
C:\Users\Dell\Documents\GitHub\3DRender\Direct3DGame\Direct3DGame\Debug\link.3060-cvtres.write.1.tlog
C:\Users\Dell\Documents\GitHub\3DRender\Direct3DGame\Direct3DGame\Debug\link.3060-rc.read.1.tlog
C:\Users\Dell\Documents\GitHub\3DRender\Direct3DGame\Direct3DGame\Debug\link.3060-rc.write.1.tlog
C:\Users\Dell\Documents\GitHub\3DRender\Direct3DGame\Direct3DGame\Debug\link.3060.read.1.tlog
C:\Users\Dell\Documents\GitHub\3DRender\Direct3DGame\Direct3DGame\Debug\link.3060.write.1.tlog
C:\Users\Dell\Documents\GitHub\3DRender\Direct3DGame\Direct3DGame\Debug\link.3120-cvtres.read.1.tlog
C:\Users\Dell\Documents\GitHub\3DRender\Direct3DGame\Direct3DGame\Debug\link.3120-cvtres.write.1.tlog
C:\Users\Dell\Documents\GitHub\3DRender\Direct3DGame\Direct3DGame\Debug\link.3120-rc.read.1.tlog
C:\Users\Dell\Documents\GitHub\3DRender\Direct3DGame\Direct3DGame\Debug\link.3120-rc.write.1.tlog
C:\Users\Dell\Documents\GitHub\3DRender\Direct3DGame\Direct3DGame\Debug\link.3120.read.1.tlog
C:\Users\Dell\Documents\GitHub\3DRender\Direct3DGame\Direct3DGame\Debug\link.3120.write.1.tlog
C:\Users\Dell\Documents\GitHub\3DRender\Direct3DGame\Direct3DGame\Debug\link.4108-cvtres.read.1.tlog
C:\Users\Dell\Documents\GitHub\3DRender\Direct3DGame\Direct3DGame\Debug\link.4108-cvtres.write.1.tlog
C:\Users\Dell\Documents\GitHub\3DRender\Direct3DGame\Direct3DGame\Debug\link.4108-rc.read.1.tlog
C:\Users\Dell\Documents\GitHub\3DRender\Direct3DGame\Direct3DGame\Debug\link.4108-rc.write.1.tlog
C:\Users\Dell\Documents\GitHub\3DRender\Direct3DGame\Direct3DGame\Debug\link.4108.read.1.tlog
C:\Users\Dell\Documents\GitHub\3DRender\Direct3DGame\Direct3DGame\Debug\link.4108.write.1.tlog
C:\Users\Dell\Documents\GitHub\3DRender\Direct3DGame\Direct3DGame\Debug\link.5976-cvtres.read.1.tlog
C:\Users\Dell\Documents\GitHub\3DRender\Direct3DGame\Direct3DGame\Debug\link.5976-cvtres.write.1.tlog
C:\Users\Dell\Documents\GitHub\3DRender\Direct3DGame\Direct3DGame\Debug\link.5976-rc.read.1.tlog
C:\Users\Dell\Documents\GitHub\3DRender\Direct3DGame\Direct3DGame\Debug\link.5976-rc.write.1.tlog
C:\Users\Dell\Documents\GitHub\3DRender\Direct3DGame\Direct3DGame\Debug\link.5976.read.1.tlog
C:\Users\Dell\Documents\GitHub\3DRender\Direct3DGame\Direct3DGame\Debug\link.5976.write.1.tlog
C:\Users\Dell\Documents\GitHub\3DRender\Direct3DGame\Direct3DGame\Debug\link.command.1.tlog
C:\Users\Dell\Documents\GitHub\3DRender\Direct3DGame\Direct3DGame\Debug\link.read.1.tlog
C:\Users\Dell\Documents\GitHub\3DRender\Direct3DGame\Direct3DGame\Debug\link.write.1.tlog
C:\Users\Dell\Documents\GitHub\3DRender\Direct3DGame\Direct3DGame\Debug\vc110.idb
C:\Users\Dell\Documents\GitHub\3DRender\Direct3DGame\Direct3DGame\Debug\vc110.pdb
C:\Users\Dell\Documents\GitHub\3DRender\Direct3DGame\Debug\Direct3DGame.pdb
C:\Users\Dell\Documents\GitHub\3DRender\Direct3DGame\Debug\Direct3DGame.ilk
